
[1mRooFit v3.59 -- Developed by Wouter Verkerke and David Kirkby[0m 
                Copyright (C) 2000-2013 NIKHEF, University of California & Stanford University
                All rights reserved, please read http://roofit.sourceforge.net/license.txt

-0.00447048  0.01
-0.0144545  0.03
-0.0244384  0.05
-0.0344224  0.07
-0.0373622  0.09
-0.0375549  0.11
-0.0377477  0.13
-0.0379404  0.15
-0.0381332  0.17
-0.0383259  0.19
-0.0385186  0.21
-0.0387114  0.23
-0.0389041  0.25
-0.0390969  0.27
-0.0392896  0.29
-0.0394823  0.31
-0.0396751  0.33
-0.0398678  0.35
-0.0400606  0.37
-0.0402533  0.39
-0.040446  0.41
-0.0406388  0.43
-0.0408315  0.45
-0.0410243  0.47
-0.041217  0.49
-0.0414098  0.51
-0.0416025  0.53
-0.0417952  0.55
-0.041988  0.57
-0.0421807  0.59
-0.0423735  0.61
-0.0425662  0.63
-0.0427589  0.65
-0.0429517  0.67
-0.0431444  0.69
-0.0433372  0.71
-0.0435299  0.73
-0.0437226  0.75
-0.0439154  0.77
-0.0441081  0.79
-0.0443009  0.81
-0.0444936  0.83
-0.0446863  0.85
-0.0448791  0.87
-0.0450718  0.89
-0.0452646  0.91
-0.0454573  0.93
-0.04565  0.95
-0.0458428  0.97
-0.0460355  0.99
-0.0462283  1.01
-0.046421  1.03
-0.0466137  1.05
-0.0468065  1.07
-0.0469992  1.09
-0.047192  1.11
-0.0473847  1.13
-0.0475774  1.15
-0.0477702  1.17
-0.0479629  1.19
  ---    1  ---
-0.595  1.1922
-0.585  1.17222
-0.575  1.15224
-0.565  1.13227
-0.555  1.11229
-0.545  1.09231
-0.535  1.07234
-0.525  1.05236
-0.515  1.03238
-0.505  1.0124
-0.495  0.992426
-0.485  0.972449
-0.475  0.952471
-0.465  0.932494
-0.455  0.912516
-0.445  0.892539
-0.435  0.872562
-0.425  0.852584
-0.415  0.832607
-0.405  0.81263
-0.395  0.810268
-0.385  0.813166
-0.375  0.815957
-0.365  0.81864
-0.355  0.821216
-0.345  0.823685
-0.335  0.826047
-0.325  0.828301
-0.315  0.830448
-0.305  0.832488
-0.295  0.83442
-0.285  0.836245
-0.275  0.837963
-0.265  0.839573
-0.255  0.841076
-0.245  0.842472
-0.235  0.84376
-0.225  0.844941
-0.215  0.846015
-0.205  0.846982
-0.195  0.847841
-0.185  0.848593
-0.175  0.849237
-0.165  0.849774
-0.155  0.850204
-0.145  0.850527
-0.135  0.850742
-0.125  0.85085
-0.115  0.850851
-0.105  0.850744
-0.095  0.85053
-0.085  0.850208
-0.075  0.84978
-0.065  0.849244
-0.055  0.848601
-0.045  0.84785
-0.035  0.846992
-0.025  0.846027
-0.015  0.844954
-0.005  0.843774
0.005  0.842487
0.015  0.841093
0.025  0.839591
0.035  0.837982
0.045  0.836265
0.055  0.834441
0.065  0.83251
0.075  0.830472
0.085  0.828326
0.095  0.826073
0.105  0.823713
0.115  0.821245
0.125  0.81867
0.135  0.815988
0.145  0.813198
0.155  0.810301
0.165  0.807297
0.175  0.804185
0.185  0.800966
0.195  0.79764
0.205  0.794207
0.215  0.790666
0.225  0.787018
0.235  0.783262
0.245  0.779399
0.255  0.775429
0.265  0.771352
0.275  0.767167
0.285  0.762875
0.295  0.758476
0.305  0.753969
0.315  0.749355
0.325  0.744634
0.335  0.739805
0.345  0.734869
0.355  0.729826
0.365  0.724675
0.375  0.755814
0.385  0.775531
0.395  0.795249
0.405  0.814966
0.415  0.834684
0.425  0.854402
0.435  0.874119
0.445  0.893837
0.455  0.913554
0.465  0.933272
0.475  0.952989
0.485  0.972707
0.495  0.992424
0.505  1.01214
0.515  1.03186
0.525  1.05158
0.535  1.07129
0.545  1.09101
0.555  1.11073
0.565  1.13045
0.575  1.15016
0.585  1.16988
0.595  1.1896
  ---    2  ---
0 entries processed.
