
[1mRooFit v3.60 -- Developed by Wouter Verkerke and David Kirkby[0m 
                Copyright (C) 2000-2013 NIKHEF, University of California & Stanford University
                All rights reserved, please read http://roofit.sourceforge.net/license.txt


>>>>>>>>>> iBin = 2
Evaluate reconstruction efficiency for bin#2
Bin 2 = 3940533; BEta>2.5: 31232
Reco_2 = 235543 / 3940533 = 0.0597744
INFO: recoEfficiency_fine(1)=0.080927 +- 0.003699.
INFO: recoEfficiency_fine(2)=0.076064 +- 0.001718.
INFO: recoEfficiency_fine(3)=0.079031 +- 0.001155.
INFO: recoEfficiency_fine(4)=0.076763 +- 0.000845.
INFO: recoEfficiency_fine(5)=0.072051 +- 0.000657.
INFO: recoEfficiency_fine(6)=0.065946 +- 0.000531.
INFO: recoEfficiency_fine(7)=0.060260 +- 0.000447.
INFO: recoEfficiency_fine(8)=0.055413 +- 0.000392.
INFO: recoEfficiency_fine(9)=0.051050 +- 0.000355.
INFO: recoEfficiency_fine(10)=0.050270 +- 0.000343.
INFO: recoEfficiency_fine(11)=0.049890 +- 0.000342.
INFO: recoEfficiency_fine(12)=0.052356 +- 0.000359.
INFO: recoEfficiency_fine(13)=0.056577 +- 0.000396.
INFO: recoEfficiency_fine(14)=0.061608 +- 0.000452.
INFO: recoEfficiency_fine(15)=0.068455 +- 0.000539.
INFO: recoEfficiency_fine(16)=0.076690 +- 0.000676.
INFO: recoEfficiency_fine(17)=0.084134 +- 0.000881.
INFO: recoEfficiency_fine(18)=0.089813 +- 0.001224.
INFO: recoEfficiency_fine(19)=0.091095 +- 0.001877.
INFO: recoEfficiency_fine(20)=0.094925 +- 0.004019.
INFO: Efficiency_fine(1)=0.000316 +- 0.000042.
INFO: Efficiency_fine(2)=0.000456 +- 0.000030.
INFO: Efficiency_fine(3)=0.000670 +- 0.000029.
INFO: Efficiency_fine(4)=0.001045 +- 0.000032.
INFO: Efficiency_fine(5)=0.001221 +- 0.000030.
INFO: Efficiency_fine(6)=0.001420 +- 0.000030.
INFO: Efficiency_fine(7)=0.001501 +- 0.000028.
INFO: Efficiency_fine(8)=0.001556 +- 0.000026.
INFO: Efficiency_fine(9)=0.001546 +- 0.000025.
INFO: Efficiency_fine(10)=0.001577 +- 0.000025.
INFO: Efficiency_fine(11)=0.001574 +- 0.000025.
INFO: Efficiency_fine(12)=0.001583 +- 0.000026.
INFO: Efficiency_fine(13)=0.001561 +- 0.000027.
INFO: Efficiency_fine(14)=0.001545 +- 0.000029.
INFO: Efficiency_fine(15)=0.001427 +- 0.000030.
INFO: Efficiency_fine(16)=0.001279 +- 0.000032.
INFO: Efficiency_fine(17)=0.001092 +- 0.000034.
INFO: Efficiency_fine(18)=0.000880 +- 0.000036.
INFO: Efficiency_fine(19)=0.000528 +- 0.000035.
INFO: Efficiency_fine(20)=0.000416 +- 0.000053.
 FCN=16.3349 FROM MIGRAD    STATUS=CONVERGED     201 CALLS         202 TOTAL
                     EDM=9.09835e-12    STRATEGY= 1      ERROR MATRIX ACCURATE 
  EXT PARAMETER                                   STEP         FIRST   
  NO.   NAME      VALUE            ERROR          SIZE      DERIVATIVE 
   1  p0           4.96520e-02   1.91418e-04   2.39800e-07  -3.13733e-02
   2  p1           1.39956e-03   9.32000e-04   7.32939e-07  -2.66048e-03
   3  p2           1.03082e-01   3.82010e-03   1.34972e-06  -2.76022e-03
   4  p3           9.49382e-03   5.78237e-03   2.03985e-06  -1.27971e-03
   5  p4          -7.57768e-02   1.50444e-02   2.76989e-06  -2.45038e-04
   6  p5           2.97537e-05   7.27271e-03   3.52026e-06  -7.57386e-04
   7  p6           3.78333e-03   1.45695e-02   4.27933e-06   2.07198e-04
RECO ERROR MATRIX: 
                   1             2            3            4            5            6            7       
RecoErr1  3.66408e-08 -2.80392e-10 -5.11793e-07 2.99278e-09 1.56193e-06 -3.82508e-09 -1.24785e-06 
RecoErr2  -2.80392e-10 8.68624e-07 5.13996e-08 -4.68787e-06 -2.99248e-07 4.98606e-06 3.36439e-07 
RecoErr3  -5.11793e-07 5.13996e-08 1.45932e-05 -3.64173e-07 -5.38564e-05 4.32842e-07 4.70093e-05 
RecoErr4  2.99278e-09 -4.68787e-06 -3.64173e-07 3.34358e-05 2.49576e-06 -4.00599e-05 -3.05077e-06 
RecoErr5  1.56193e-06 -2.99248e-07 -5.38564e-05 2.49576e-06 0.000226334 -3.19403e-06 -0.000212818 
RecoErr6  -3.82508e-09 4.98606e-06 4.32842e-07 -4.00599e-05 -3.19403e-06 5.28923e-05 4.28079e-06 
RecoErr7  -1.24785e-06 3.36439e-07 4.70093e-05 -3.05077e-06 -0.000212818 4.28079e-06 0.000212269 
18428978 entries processed.
