--- SingleBuToKMuMuSelector.cc	2016-10-02 16:51:57.000000001 +0200
+++ SingleBuToKMuMuSelector_OK.cc	2016-09-01 12:55:31.000000001 +0200
@@ -377,16 +377,16 @@
 	Nb = nb;
 //	cout<<Nb<<endl;
 	
-//	if (datatype != "data") SaveGen();  ///// 13-08-2014 /////////////////////// for Signal MC ////////////////////////////////////////////////
+	if (datatype != "data") SaveGen();  ///// 13-08-2014 /////////////////////// for Signal MC ////////////////////////////////////////////////
 	
 	int i = SelectB(cut);
 	if ( i != -1 && i != -2 && ( datatype == "data" || istruebu->at(i) )) {
 		n_selected_ += 1;
 		SaveEvent(i);
-		if ( datatype != "data" ) SaveGen();    /////  12-04-2014  /////  for J/PsiK & Psi2SK & J/PsiX & K*0MuMu  MC  /////////////////////
-		tree_->Fill();  /////// for data & J/PsiK & Psi2SK & J/PsiX & K*0MuMu  MC
+//		if ( datatype != "data" ) SaveGen();    /////  12-04-2014  /////  for J/PsiK & Psi2SK & J/PsiX & K*0MuMu  MC  /////////////////////
+//		tree_->Fill();  /////// for data & J/PsiK & Psi2SK & J/PsiX & K*0MuMu  MC
 	}
-//	tree_->Fill();  ////////// for Signal MC
+	tree_->Fill();  ////////// for Signal MC
 	return kTRUE;
 }
 
@@ -472,7 +472,7 @@
 			if ( ! HasGoodMuons(i) ) continue;
 			if ( ! QualitySelections(i) ) continue;
 			if ( ! JpsiCutSelections(i) ) continue;
-		//	if ( ! OPTJpsi(i) ) continue;
+			if ( ! OptimizedSelections(i) ) continue;
 		//	if ( ! AntiJpsiSelections(i) ) continue;
 			if (bvtxcl->at(i) > best_bvtxcl) {
 				best_bvtxcl = bvtxcl->at(i);
@@ -490,7 +490,7 @@
 		} if (tt != -1) {
 			if ( ! QualitySelections(tt) )   best_idx = -1;
 			if ( ! JpsiCutSelections(tt) )   best_idx = -1;
-			if ( ! OPTJpsi(tt) ) best_idx = -1;
+			if ( ! OptimizedSelections(tt) ) best_idx = -1;
 			if ( ! AntiJpsiSelections(tt) )  best_idx = -1;
 		}
 	}else if (cut == "cutPsip") {
@@ -498,7 +498,7 @@
 			if ( ! HasGoodMuons(i) ) continue;
 			if ( ! QualitySelections(i) ) continue;
 			if ( ! PsipCutSelections(i) ) continue;
-		//	if ( ! OPTPsip(i) ) continue;
+			if ( ! OptimizedSelections(i) ) continue;
 		//	if ( ! AntiPsipSelections(i) ) continue;
 			if (bvtxcl->at(i) > best_bvtxcl) {
 				best_bvtxcl = bvtxcl->at(i);
@@ -516,7 +516,7 @@
 		} if (tt != -1) {
 			if ( ! QualitySelections(tt) )   best_idx = -1;
 			if ( ! PsipCutSelections(tt) )   best_idx = -1;
-			if ( ! OPTPsip(tt) ) best_idx = -1;
+			if ( ! OptimizedSelections(tt) ) best_idx = -1;
 			if ( ! AntiPsipSelections(tt) )  best_idx = -1;
 		}
 	}
@@ -583,15 +583,15 @@
 }
 bool SingleBuToKMuMuSelector::JpsiCutSelections(int i) {
 	if ( // Jpsi Peak cut
-		(mumumass->at(i) > 3.096916-2.0*mumumasserr->at(i)) &&  (mumumass->at(i) < 3.096916+2.0*mumumasserr->at(i)) // Only JPSi 
-	//	(mumumass->at(i) > 3.096916-5.0*mumumasserr->at(i)) &&  (mumumass->at(i) < 3.096916+3.0*mumumasserr->at(i)) // Only JPSi 
+	//	(mumumass->at(i) > 3.096916-2.0*mumumasserr->at(i)) &&  (mumumass->at(i) < 3.096916+2.0*mumumasserr->at(i)) // Only JPSi 
+		(mumumass->at(i) > 3.096916-5.0*mumumasserr->at(i)) &&  (mumumass->at(i) < 3.096916+3.0*mumumasserr->at(i)) // Only JPSi 
 		) return true;
 	return false;
 }
 bool SingleBuToKMuMuSelector::PsipCutSelections(int i) {
 	if ( // Psip Peak cut
-		(mumumass->at(i) > 3.686109-2.0*mumumasserr->at(i)) &&  (mumumass->at(i) < 3.686109+2.0*mumumasserr->at(i)) // Only PSi(2S) 
-	//	(mumumass->at(i) > 3.686109-3.0*mumumasserr->at(i)) &&  (mumumass->at(i) < 3.686109+3.0*mumumasserr->at(i)) // Only PSi(2S) 
+	//	(mumumass->at(i) > 3.686109-2.0*mumumasserr->at(i)) &&  (mumumass->at(i) < 3.686109+2.0*mumumasserr->at(i)) // Only PSi(2S) 
+		(mumumass->at(i) > 3.686109-3.0*mumumasserr->at(i)) &&  (mumumass->at(i) < 3.686109+3.0*mumumasserr->at(i)) // Only PSi(2S) 
 		) return true;
 	return false;
 }
@@ -600,8 +600,8 @@
 	if ( // AntiRadiation  cut
 	//	   (fabs( bmass->at(i) - mumumass->at(i) - 2.182 ) > 0.125)  //0.12 // Veto cut for JPSi
 	//	&& (fabs( bmass->at(i) - mumumass->at(i) - 1.593 ) > 0.070)  //0.08 // Veto cut for PSi(2S)
-		   (fabs( bmass->at(i) - mumumass->at(i) - 2.182 ) > 0.130)  //0.12 // Veto cut for JPSi
-		&& (fabs( bmass->at(i) - mumumass->at(i) - 1.593 ) > 0.060)  //0.08 // Veto cut for PSi(2S)
+		   (fabs( bmass->at(i) - mumumass->at(i) - 2.182 ) > 0.120)  //0.12 // Veto cut for JPSi
+		&& (fabs( bmass->at(i) - mumumass->at(i) - 1.593 ) > 0.055)  //0.08 // Veto cut for PSi(2S)
 		) return true;
 	return false;
 }
@@ -620,41 +620,23 @@
 
 bool SingleBuToKMuMuSelector::OptimizedSelections(int i) {
 	if ( 
-	/*	// Loose cut:
-		   (trkpt->at(i) > 0.4)  
-		&& (bvtxcl->at(i) > 0.0)  
-		&& (( blsbs->at(i) / blsbserr->at(i) ) > 3.0)
-		&& (bcosalphabs2D->at(i) > 0.990)
-		&& (fabs( (trkdcabs->at(i))/(trkdcabserr->at(i)) )> 0.4)
+	/*	// Optimized Selections after cut0
+		   (trkpt->at(i) > 1.3)  
+		&& (bvtxcl->at(i) > 0.08)  
+		&& (( blsbs->at(i) / blsbserr->at(i) ) > 7.0)
+		&& (bcosalphabs2D->at(i) > 0.9997)
+		&& (fabs( (trkdcabs->at(i))/(trkdcabserr->at(i)) )> 2.7)
 	*/	// Optimized Selections
 		   (trkpt->at(i) > 1.3)  
 		&& (bvtxcl->at(i) > 0.12)  
 		&& (( blsbs->at(i) / blsbserr->at(i) ) > 10.6)
 		&& (bcosalphabs2D->at(i) > 0.9997)
 		&& (fabs( (trkdcabs->at(i))/(trkdcabserr->at(i)) )> 3.3)
-		) return true;
-	return false;
-}
-bool SingleBuToKMuMuSelector::OPTJpsi(int i) {
-	if ( 
-		// Optimized Selections
-		   (trkpt->at(i) > 0.8)  
-		&& (bvtxcl->at(i) > 0.06)  
-		&& (( blsbs->at(i) / blsbserr->at(i) ) > 4.0) // 3.9
-		&& (bcosalphabs2D->at(i) > 0.9976)
-		&& (fabs( (trkdcabs->at(i))/(trkdcabserr->at(i)) )> 2.0) // 2.1
-		) return true;
-	return false;
-}
-bool SingleBuToKMuMuSelector::OPTPsip(int i) {
-	if ( 
-		// Optimized Selections
-		   (trkpt->at(i) > 0.9)  
-		&& (bvtxcl->at(i) > 0.04)  
-		&& (( blsbs->at(i) / blsbserr->at(i) ) > 3.9) // 3.7
-		&& (bcosalphabs2D->at(i) > 0.998) // 0.9976
-		&& (fabs( (trkdcabs->at(i))/(trkdcabserr->at(i)) )> 1.3) // 1.5
-		) return true;
+	/*	   (trkpt->at(i) > 1.5)  
+		&& (( blsbs->at(i) / blsbserr->at(i) ) > 10.7)
+		&& (bcosalphabs2D->at(i) > 0.9997)
+		&& (fabs( (trkdcabs->at(i))/(trkdcabserr->at(i)) )> 3.8)
+	*/	) return true;
 	return false;
 }
 bool SingleBuToKMuMuSelector::KpSelections(int i){
