
[1mRooFit v3.60 -- Developed by Wouter Verkerke and David Kirkby[0m 
                Copyright (C) 2000-2013 NIKHEF, University of California & Stanford University
                All rights reserved, please read http://roofit.sourceforge.net/license.txt


>>>>>>>>>> iBin = 0
Evaluate reconstruction efficiency for bin#0
 FCN=31.2833 FROM FIX         STATUS=RESET           0 CALLS           0 TOTAL
                     EDM= unknown      STRATEGY= 1      NO ERROR MATRIX       
  EXT PARAMETER               CURRENT GUESS       STEP         FIRST   
  NO.   NAME      VALUE            ERROR          SIZE      DERIVATIVE 
   1  p0           4.00174e-02     fixed    
   2  p1          -4.98581e-03     fixed    
   3  p2           3.04670e-01     fixed    
   4  p3           5.44687e-02     fixed    
   5  p4          -3.77749e-03     fixed    
   6  p5           1.34243e-01     fixed    
   7  p6           2.68086e-02     fixed    
   8  p7          -9.98542e-02     fixed    
   9  p8          -2.20024e-02     fixed    
  10  p9          -2.08364e-02     fixed    
18428978 entries processed.
